CRITICAL - 2024-05-03 12:55:20 --> Error: Class "Codelgniter\RESTful\ResourceController" not found
[Method: POST, Route: registrasi]
in APPPATH\Controllers\RestfulController.php on line 7.
 1 SYSTEMPATH\Autoloader\Autoloader.php(317): include_once()
 2 SYSTEMPATH\Autoloader\Autoloader.php(296): CodeIgniter\Autoloader\Autoloader->includeFile('E:\\Khusus ngoding\\Mobile Programming\\toko_api\\app\\Controllers\\RestfulController.php')
 3 SYSTEMPATH\Autoloader\Autoloader.php(272): CodeIgniter\Autoloader\Autoloader->loadInNamespace('App\\Controllers\\RestfulController')
 4 APPPATH\Controllers\RegistrasiController.php(6): CodeIgniter\Autoloader\Autoloader->loadClass('App\\Controllers\\RestfulController')
 5 SYSTEMPATH\Autoloader\Autoloader.php(317): include_once('E:\\Khusus ngoding\\Mobile Programming\\toko_api\\app\\Controllers\\RegistrasiController.php')
 6 SYSTEMPATH\Autoloader\Autoloader.php(296): CodeIgniter\Autoloader\Autoloader->includeFile('E:\\Khusus ngoding\\Mobile Programming\\toko_api\\app\\Controllers\\RegistrasiController.php')
 7 SYSTEMPATH\Autoloader\Autoloader.php(272): CodeIgniter\Autoloader\Autoloader->loadInNamespace('App\\Controllers\\RegistrasiController')
 8 [internal function]: CodeIgniter\Autoloader\Autoloader->loadClass('App\\Controllers\\RegistrasiController')
 9 SYSTEMPATH\CodeIgniter.php(887): class_exists('\\App\\Controllers\\RegistrasiController', true)
10 SYSTEMPATH\CodeIgniter.php(496): CodeIgniter\CodeIgniter->startController()
11 SYSTEMPATH\CodeIgniter.php(355): CodeIgniter\CodeIgniter->handleRequest(null, Object(Config\Cache), false)
12 SYSTEMPATH\Boot.php(312): CodeIgniter\CodeIgniter->run()
13 SYSTEMPATH\Boot.php(67): CodeIgniter\Boot::runCodeIgniter(Object(CodeIgniter\CodeIgniter))
14 FCPATH\index.php(56): CodeIgniter\Boot::bootWeb(Object(Config\Paths))
15 SYSTEMPATH\Commands\Server\rewrite.php(49): require_once('E:\\Khusus ngoding\\Mobile Programming\\toko_api\\public\\index.php')
CRITICAL - 2024-05-03 12:55:59 --> Error: Class "Codelgniter\RESTful\ResourceController" not found
[Method: POST, Route: registrasi]
in APPPATH\Controllers\RestfulController.php on line 7.
 1 SYSTEMPATH\Autoloader\Autoloader.php(317): include_once()
 2 SYSTEMPATH\Autoloader\Autoloader.php(296): CodeIgniter\Autoloader\Autoloader->includeFile('E:\\Khusus ngoding\\Mobile Programming\\toko_api\\app\\Controllers\\RestfulController.php')
 3 SYSTEMPATH\Autoloader\Autoloader.php(272): CodeIgniter\Autoloader\Autoloader->loadInNamespace('App\\Controllers\\RestfulController')
 4 APPPATH\Controllers\RegistrasiController.php(6): CodeIgniter\Autoloader\Autoloader->loadClass('App\\Controllers\\RestfulController')
 5 SYSTEMPATH\Autoloader\Autoloader.php(317): include_once('E:\\Khusus ngoding\\Mobile Programming\\toko_api\\app\\Controllers\\RegistrasiController.php')
 6 SYSTEMPATH\Autoloader\Autoloader.php(296): CodeIgniter\Autoloader\Autoloader->includeFile('E:\\Khusus ngoding\\Mobile Programming\\toko_api\\app\\Controllers\\RegistrasiController.php')
 7 SYSTEMPATH\Autoloader\Autoloader.php(272): CodeIgniter\Autoloader\Autoloader->loadInNamespace('App\\Controllers\\RegistrasiController')
 8 [internal function]: CodeIgniter\Autoloader\Autoloader->loadClass('App\\Controllers\\RegistrasiController')
 9 SYSTEMPATH\CodeIgniter.php(887): class_exists('\\App\\Controllers\\RegistrasiController', true)
10 SYSTEMPATH\CodeIgniter.php(496): CodeIgniter\CodeIgniter->startController()
11 SYSTEMPATH\CodeIgniter.php(355): CodeIgniter\CodeIgniter->handleRequest(null, Object(Config\Cache), false)
12 SYSTEMPATH\Boot.php(312): CodeIgniter\CodeIgniter->run()
13 SYSTEMPATH\Boot.php(67): CodeIgniter\Boot::runCodeIgniter(Object(CodeIgniter\CodeIgniter))
14 FCPATH\index.php(56): CodeIgniter\Boot::bootWeb(Object(Config\Paths))
15 SYSTEMPATH\Commands\Server\rewrite.php(49): require_once('E:\\Khusus ngoding\\Mobile Programming\\toko_api\\public\\index.php')
CRITICAL - 2024-05-03 12:59:39 --> Error: Class "Codelgniter\RESTful\ResourceController" not found
[Method: POST, Route: registrasi]
in APPPATH\Controllers\RestfulController.php on line 7.
 1 SYSTEMPATH\Autoloader\Autoloader.php(317): include_once()
 2 SYSTEMPATH\Autoloader\Autoloader.php(296): CodeIgniter\Autoloader\Autoloader->includeFile('E:\\Khusus ngoding\\Mobile Programming\\toko_api\\app\\Controllers\\RestfulController.php')
 3 SYSTEMPATH\Autoloader\Autoloader.php(272): CodeIgniter\Autoloader\Autoloader->loadInNamespace('App\\Controllers\\RestfulController')
 4 APPPATH\Controllers\RegistrasiController.php(6): CodeIgniter\Autoloader\Autoloader->loadClass('App\\Controllers\\RestfulController')
 5 SYSTEMPATH\Autoloader\Autoloader.php(317): include_once('E:\\Khusus ngoding\\Mobile Programming\\toko_api\\app\\Controllers\\RegistrasiController.php')
 6 SYSTEMPATH\Autoloader\Autoloader.php(296): CodeIgniter\Autoloader\Autoloader->includeFile('E:\\Khusus ngoding\\Mobile Programming\\toko_api\\app\\Controllers\\RegistrasiController.php')
 7 SYSTEMPATH\Autoloader\Autoloader.php(272): CodeIgniter\Autoloader\Autoloader->loadInNamespace('App\\Controllers\\RegistrasiController')
 8 [internal function]: CodeIgniter\Autoloader\Autoloader->loadClass('App\\Controllers\\RegistrasiController')
 9 SYSTEMPATH\CodeIgniter.php(887): class_exists('\\App\\Controllers\\RegistrasiController', true)
10 SYSTEMPATH\CodeIgniter.php(496): CodeIgniter\CodeIgniter->startController()
11 SYSTEMPATH\CodeIgniter.php(355): CodeIgniter\CodeIgniter->handleRequest(null, Object(Config\Cache), false)
12 SYSTEMPATH\Boot.php(312): CodeIgniter\CodeIgniter->run()
13 SYSTEMPATH\Boot.php(67): CodeIgniter\Boot::runCodeIgniter(Object(CodeIgniter\CodeIgniter))
14 FCPATH\index.php(56): CodeIgniter\Boot::bootWeb(Object(Config\Paths))
15 SYSTEMPATH\Commands\Server\rewrite.php(49): require_once('E:\\Khusus ngoding\\Mobile Programming\\toko_api\\public\\index.php')
CRITICAL - 2024-05-03 13:00:08 --> Error: Class "Codelgniter\Model" not found
[Method: POST, Route: registrasi]
in APPPATH\Models\MRegistrasi.php on line 6.
 1 SYSTEMPATH\Autoloader\Autoloader.php(317): include_once()
 2 SYSTEMPATH\Autoloader\Autoloader.php(296): CodeIgniter\Autoloader\Autoloader->includeFile('E:\\Khusus ngoding\\Mobile Programming\\toko_api\\app\\Models\\MRegistrasi.php')
 3 SYSTEMPATH\Autoloader\Autoloader.php(272): CodeIgniter\Autoloader\Autoloader->loadInNamespace('App\\Models\\MRegistrasi')
 4 APPPATH\Controllers\RegistrasiController.php(17): CodeIgniter\Autoloader\Autoloader->loadClass('App\\Models\\MRegistrasi')
 5 SYSTEMPATH\CodeIgniter.php(933): App\Controllers\RegistrasiController->registrasi()
 6 SYSTEMPATH\CodeIgniter.php(509): CodeIgniter\CodeIgniter->runController(Object(App\Controllers\RegistrasiController))
 7 SYSTEMPATH\CodeIgniter.php(355): CodeIgniter\CodeIgniter->handleRequest(null, Object(Config\Cache), false)
 8 SYSTEMPATH\Boot.php(312): CodeIgniter\CodeIgniter->run()
 9 SYSTEMPATH\Boot.php(67): CodeIgniter\Boot::runCodeIgniter(Object(CodeIgniter\CodeIgniter))
10 FCPATH\index.php(56): CodeIgniter\Boot::bootWeb(Object(Config\Paths))
11 SYSTEMPATH\Commands\Server\rewrite.php(49): require_once('E:\\Khusus ngoding\\Mobile Programming\\toko_api\\public\\index.php')
CRITICAL - 2024-05-03 13:00:24 --> Error: Class "Codelgniter\Model" not found
[Method: POST, Route: registrasi]
in APPPATH\Models\MRegistrasi.php on line 6.
 1 SYSTEMPATH\Autoloader\Autoloader.php(317): include_once()
 2 SYSTEMPATH\Autoloader\Autoloader.php(296): CodeIgniter\Autoloader\Autoloader->includeFile('E:\\Khusus ngoding\\Mobile Programming\\toko_api\\app\\Models\\MRegistrasi.php')
 3 SYSTEMPATH\Autoloader\Autoloader.php(272): CodeIgniter\Autoloader\Autoloader->loadInNamespace('App\\Models\\MRegistrasi')
 4 APPPATH\Controllers\RegistrasiController.php(17): CodeIgniter\Autoloader\Autoloader->loadClass('App\\Models\\MRegistrasi')
 5 SYSTEMPATH\CodeIgniter.php(933): App\Controllers\RegistrasiController->registrasi()
 6 SYSTEMPATH\CodeIgniter.php(509): CodeIgniter\CodeIgniter->runController(Object(App\Controllers\RegistrasiController))
 7 SYSTEMPATH\CodeIgniter.php(355): CodeIgniter\CodeIgniter->handleRequest(null, Object(Config\Cache), false)
 8 SYSTEMPATH\Boot.php(312): CodeIgniter\CodeIgniter->run()
 9 SYSTEMPATH\Boot.php(67): CodeIgniter\Boot::runCodeIgniter(Object(CodeIgniter\CodeIgniter))
10 FCPATH\index.php(56): CodeIgniter\Boot::bootWeb(Object(Config\Paths))
11 SYSTEMPATH\Commands\Server\rewrite.php(49): require_once('E:\\Khusus ngoding\\Mobile Programming\\toko_api\\public\\index.php')
CRITICAL - 2024-05-03 13:01:03 --> Error: Class "Codelgniter\RESTful\ResourceController" not found
[Method: POST, Route: registrasi]
in APPPATH\Controllers\RestfulController.php on line 7.
 1 SYSTEMPATH\Autoloader\Autoloader.php(317): include_once()
 2 SYSTEMPATH\Autoloader\Autoloader.php(296): CodeIgniter\Autoloader\Autoloader->includeFile('E:\\Khusus ngoding\\Mobile Programming\\toko_api\\app\\Controllers\\RestfulController.php')
 3 SYSTEMPATH\Autoloader\Autoloader.php(272): CodeIgniter\Autoloader\Autoloader->loadInNamespace('App\\Controllers\\RestfulController')
 4 APPPATH\Controllers\RegistrasiController.php(6): CodeIgniter\Autoloader\Autoloader->loadClass('App\\Controllers\\RestfulController')
 5 SYSTEMPATH\Autoloader\Autoloader.php(317): include_once('E:\\Khusus ngoding\\Mobile Programming\\toko_api\\app\\Controllers\\RegistrasiController.php')
 6 SYSTEMPATH\Autoloader\Autoloader.php(296): CodeIgniter\Autoloader\Autoloader->includeFile('E:\\Khusus ngoding\\Mobile Programming\\toko_api\\app\\Controllers\\RegistrasiController.php')
 7 SYSTEMPATH\Autoloader\Autoloader.php(272): CodeIgniter\Autoloader\Autoloader->loadInNamespace('App\\Controllers\\RegistrasiController')
 8 [internal function]: CodeIgniter\Autoloader\Autoloader->loadClass('App\\Controllers\\RegistrasiController')
 9 SYSTEMPATH\CodeIgniter.php(887): class_exists('\\App\\Controllers\\RegistrasiController', true)
10 SYSTEMPATH\CodeIgniter.php(496): CodeIgniter\CodeIgniter->startController()
11 SYSTEMPATH\CodeIgniter.php(355): CodeIgniter\CodeIgniter->handleRequest(null, Object(Config\Cache), false)
12 SYSTEMPATH\Boot.php(312): CodeIgniter\CodeIgniter->run()
13 SYSTEMPATH\Boot.php(67): CodeIgniter\Boot::runCodeIgniter(Object(CodeIgniter\CodeIgniter))
14 FCPATH\index.php(56): CodeIgniter\Boot::bootWeb(Object(Config\Paths))
15 SYSTEMPATH\Commands\Server\rewrite.php(49): require_once('E:\\Khusus ngoding\\Mobile Programming\\toko_api\\public\\index.php')
CRITICAL - 2024-05-03 13:04:15 --> Error: Class "App\Models\MRegistrasi" not found
[Method: POST, Route: registrasi]
in APPPATH\Controllers\RegistrasiController.php on line 17.
 1 SYSTEMPATH\CodeIgniter.php(933): App\Controllers\RegistrasiController->registrasi()
 2 SYSTEMPATH\CodeIgniter.php(509): CodeIgniter\CodeIgniter->runController(Object(App\Controllers\RegistrasiController))
 3 SYSTEMPATH\CodeIgniter.php(355): CodeIgniter\CodeIgniter->handleRequest(null, Object(Config\Cache), false)
 4 SYSTEMPATH\Boot.php(312): CodeIgniter\CodeIgniter->run()
 5 SYSTEMPATH\Boot.php(67): CodeIgniter\Boot::runCodeIgniter(Object(CodeIgniter\CodeIgniter))
 6 FCPATH\index.php(56): CodeIgniter\Boot::bootWeb(Object(Config\Paths))
 7 SYSTEMPATH\Commands\Server\rewrite.php(49): require_once('E:\\Khusus ngoding\\Mobile Programming\\toko_api\\public\\index.php')
CRITICAL - 2024-05-03 13:06:22 --> Error: Class "App\Models\MRegistrasi" not found
[Method: POST, Route: registrasi]
in APPPATH\Controllers\RegistrasiController.php on line 17.
 1 SYSTEMPATH\CodeIgniter.php(933): App\Controllers\RegistrasiController->registrasi()
 2 SYSTEMPATH\CodeIgniter.php(509): CodeIgniter\CodeIgniter->runController(Object(App\Controllers\RegistrasiController))
 3 SYSTEMPATH\CodeIgniter.php(355): CodeIgniter\CodeIgniter->handleRequest(null, Object(Config\Cache), false)
 4 SYSTEMPATH\Boot.php(312): CodeIgniter\CodeIgniter->run()
 5 SYSTEMPATH\Boot.php(67): CodeIgniter\Boot::runCodeIgniter(Object(CodeIgniter\CodeIgniter))
 6 FCPATH\index.php(56): CodeIgniter\Boot::bootWeb(Object(Config\Paths))
 7 SYSTEMPATH\Commands\Server\rewrite.php(49): require_once('E:\\Khusus ngoding\\Mobile Programming\\toko_api\\public\\index.php')
CRITICAL - 2024-05-03 13:07:16 --> Error: Class "App\Models\MRegistrasi" not found
[Method: POST, Route: registrasi]
in APPPATH\Controllers\RegistrasiController.php on line 17.
 1 SYSTEMPATH\CodeIgniter.php(933): App\Controllers\RegistrasiController->registrasi()
 2 SYSTEMPATH\CodeIgniter.php(509): CodeIgniter\CodeIgniter->runController(Object(App\Controllers\RegistrasiController))
 3 SYSTEMPATH\CodeIgniter.php(355): CodeIgniter\CodeIgniter->handleRequest(null, Object(Config\Cache), false)
 4 SYSTEMPATH\Boot.php(312): CodeIgniter\CodeIgniter->run()
 5 SYSTEMPATH\Boot.php(67): CodeIgniter\Boot::runCodeIgniter(Object(CodeIgniter\CodeIgniter))
 6 FCPATH\index.php(56): CodeIgniter\Boot::bootWeb(Object(Config\Paths))
 7 SYSTEMPATH\Commands\Server\rewrite.php(49): require_once('E:\\Khusus ngoding\\Mobile Programming\\toko_api\\public\\index.php')
CRITICAL - 2024-05-03 13:14:10 --> Error: Class "Codelgniter\Model" not found
[Method: POST, Route: registrasi]
in APPPATH\Models\MRegistrasi.php on line 6.
 1 SYSTEMPATH\Autoloader\Autoloader.php(317): include_once()
 2 SYSTEMPATH\Autoloader\Autoloader.php(296): CodeIgniter\Autoloader\Autoloader->includeFile('E:\\Khusus ngoding\\Mobile Programming\\toko_api\\app\\Models\\MRegistrasi.php')
 3 SYSTEMPATH\Autoloader\Autoloader.php(272): CodeIgniter\Autoloader\Autoloader->loadInNamespace('App\\Models\\MRegistrasi')
 4 APPPATH\Controllers\RegistrasiController.php(15): CodeIgniter\Autoloader\Autoloader->loadClass('App\\Models\\MRegistrasi')
 5 SYSTEMPATH\CodeIgniter.php(933): App\Controllers\RegistrasiController->registrasi()
 6 SYSTEMPATH\CodeIgniter.php(509): CodeIgniter\CodeIgniter->runController(Object(App\Controllers\RegistrasiController))
 7 SYSTEMPATH\CodeIgniter.php(355): CodeIgniter\CodeIgniter->handleRequest(null, Object(Config\Cache), false)
 8 SYSTEMPATH\Boot.php(312): CodeIgniter\CodeIgniter->run()
 9 SYSTEMPATH\Boot.php(67): CodeIgniter\Boot::runCodeIgniter(Object(CodeIgniter\CodeIgniter))
10 FCPATH\index.php(56): CodeIgniter\Boot::bootWeb(Object(Config\Paths))
11 SYSTEMPATH\Commands\Server\rewrite.php(49): require_once('E:\\Khusus ngoding\\Mobile Programming\\toko_api\\public\\index.php')
CRITICAL - 2024-05-03 13:15:13 --> Error: Class "Codelgniter\Model" not found
[Method: POST, Route: registrasi]
in APPPATH\Models\MRegistrasi.php on line 6.
 1 SYSTEMPATH\Autoloader\Autoloader.php(317): include_once()
 2 SYSTEMPATH\Autoloader\Autoloader.php(296): CodeIgniter\Autoloader\Autoloader->includeFile('E:\\Khusus ngoding\\Mobile Programming\\toko_api\\app\\Models\\MRegistrasi.php')
 3 SYSTEMPATH\Autoloader\Autoloader.php(272): CodeIgniter\Autoloader\Autoloader->loadInNamespace('App\\Models\\MRegistrasi')
 4 APPPATH\Controllers\RegistrasiController.php(15): CodeIgniter\Autoloader\Autoloader->loadClass('App\\Models\\MRegistrasi')
 5 SYSTEMPATH\CodeIgniter.php(933): App\Controllers\RegistrasiController->registrasi()
 6 SYSTEMPATH\CodeIgniter.php(509): CodeIgniter\CodeIgniter->runController(Object(App\Controllers\RegistrasiController))
 7 SYSTEMPATH\CodeIgniter.php(355): CodeIgniter\CodeIgniter->handleRequest(null, Object(Config\Cache), false)
 8 SYSTEMPATH\Boot.php(312): CodeIgniter\CodeIgniter->run()
 9 SYSTEMPATH\Boot.php(67): CodeIgniter\Boot::runCodeIgniter(Object(CodeIgniter\CodeIgniter))
10 FCPATH\index.php(56): CodeIgniter\Boot::bootWeb(Object(Config\Paths))
11 SYSTEMPATH\Commands\Server\rewrite.php(49): require_once('E:\\Khusus ngoding\\Mobile Programming\\toko_api\\public\\index.php')
CRITICAL - 2024-05-03 13:23:39 --> Error: Class "Codelgniter\Model" not found
[Method: POST, Route: registrasi]
in APPPATH\Models\MRegistrasi.php on line 6.
 1 SYSTEMPATH\Autoloader\Autoloader.php(317): include_once()
 2 SYSTEMPATH\Autoloader\Autoloader.php(296): CodeIgniter\Autoloader\Autoloader->includeFile('E:\\Khusus ngoding\\Mobile Programming\\toko_api\\app\\Models\\MRegistrasi.php')
 3 SYSTEMPATH\Autoloader\Autoloader.php(272): CodeIgniter\Autoloader\Autoloader->loadInNamespace('App\\Models\\MRegistrasi')
 4 APPPATH\Controllers\RegistrasiController.php(16): CodeIgniter\Autoloader\Autoloader->loadClass('App\\Models\\MRegistrasi')
 5 SYSTEMPATH\CodeIgniter.php(933): App\Controllers\RegistrasiController->registrasi()
 6 SYSTEMPATH\CodeIgniter.php(509): CodeIgniter\CodeIgniter->runController(Object(App\Controllers\RegistrasiController))
 7 SYSTEMPATH\CodeIgniter.php(355): CodeIgniter\CodeIgniter->handleRequest(null, Object(Config\Cache), false)
 8 SYSTEMPATH\Boot.php(312): CodeIgniter\CodeIgniter->run()
 9 SYSTEMPATH\Boot.php(67): CodeIgniter\Boot::runCodeIgniter(Object(CodeIgniter\CodeIgniter))
10 FCPATH\index.php(56): CodeIgniter\Boot::bootWeb(Object(Config\Paths))
11 SYSTEMPATH\Commands\Server\rewrite.php(49): require_once('E:\\Khusus ngoding\\Mobile Programming\\toko_api\\public\\index.php')
CRITICAL - 2024-05-03 13:28:01 --> Error: Class "Codelgniter\Model" not found
[Method: POST, Route: registrasi]
in APPPATH\Models\MRegistrasi.php on line 6.
 1 SYSTEMPATH\Autoloader\Autoloader.php(317): include_once()
 2 SYSTEMPATH\Autoloader\Autoloader.php(296): CodeIgniter\Autoloader\Autoloader->includeFile('E:\\Khusus ngoding\\Mobile Programming\\toko_api\\app\\Models\\MRegistrasi.php')
 3 SYSTEMPATH\Autoloader\Autoloader.php(272): CodeIgniter\Autoloader\Autoloader->loadInNamespace('App\\Models\\MRegistrasi')
 4 APPPATH\Controllers\RegistrasiController.php(16): CodeIgniter\Autoloader\Autoloader->loadClass('App\\Models\\MRegistrasi')
 5 SYSTEMPATH\CodeIgniter.php(933): App\Controllers\RegistrasiController->registrasi()
 6 SYSTEMPATH\CodeIgniter.php(509): CodeIgniter\CodeIgniter->runController(Object(App\Controllers\RegistrasiController))
 7 SYSTEMPATH\CodeIgniter.php(355): CodeIgniter\CodeIgniter->handleRequest(null, Object(Config\Cache), false)
 8 SYSTEMPATH\Boot.php(312): CodeIgniter\CodeIgniter->run()
 9 SYSTEMPATH\Boot.php(67): CodeIgniter\Boot::runCodeIgniter(Object(CodeIgniter\CodeIgniter))
10 FCPATH\index.php(56): CodeIgniter\Boot::bootWeb(Object(Config\Paths))
11 SYSTEMPATH\Commands\Server\rewrite.php(49): require_once('E:\\Khusus ngoding\\Mobile Programming\\toko_api\\public\\index.php')
CRITICAL - 2024-05-03 13:28:02 --> Error: Class "Codelgniter\Model" not found
[Method: POST, Route: registrasi]
in APPPATH\Models\MRegistrasi.php on line 6.
 1 SYSTEMPATH\Autoloader\Autoloader.php(317): include_once()
 2 SYSTEMPATH\Autoloader\Autoloader.php(296): CodeIgniter\Autoloader\Autoloader->includeFile('E:\\Khusus ngoding\\Mobile Programming\\toko_api\\app\\Models\\MRegistrasi.php')
 3 SYSTEMPATH\Autoloader\Autoloader.php(272): CodeIgniter\Autoloader\Autoloader->loadInNamespace('App\\Models\\MRegistrasi')
 4 APPPATH\Controllers\RegistrasiController.php(16): CodeIgniter\Autoloader\Autoloader->loadClass('App\\Models\\MRegistrasi')
 5 SYSTEMPATH\CodeIgniter.php(933): App\Controllers\RegistrasiController->registrasi()
 6 SYSTEMPATH\CodeIgniter.php(509): CodeIgniter\CodeIgniter->runController(Object(App\Controllers\RegistrasiController))
 7 SYSTEMPATH\CodeIgniter.php(355): CodeIgniter\CodeIgniter->handleRequest(null, Object(Config\Cache), false)
 8 SYSTEMPATH\Boot.php(312): CodeIgniter\CodeIgniter->run()
 9 SYSTEMPATH\Boot.php(67): CodeIgniter\Boot::runCodeIgniter(Object(CodeIgniter\CodeIgniter))
10 FCPATH\index.php(56): CodeIgniter\Boot::bootWeb(Object(Config\Paths))
11 SYSTEMPATH\Commands\Server\rewrite.php(49): require_once('E:\\Khusus ngoding\\Mobile Programming\\toko_api\\public\\index.php')
CRITICAL - 2024-05-03 13:28:03 --> Error: Class "Codelgniter\Model" not found
[Method: POST, Route: registrasi]
in APPPATH\Models\MRegistrasi.php on line 6.
 1 SYSTEMPATH\Autoloader\Autoloader.php(317): include_once()
 2 SYSTEMPATH\Autoloader\Autoloader.php(296): CodeIgniter\Autoloader\Autoloader->includeFile('E:\\Khusus ngoding\\Mobile Programming\\toko_api\\app\\Models\\MRegistrasi.php')
 3 SYSTEMPATH\Autoloader\Autoloader.php(272): CodeIgniter\Autoloader\Autoloader->loadInNamespace('App\\Models\\MRegistrasi')
 4 APPPATH\Controllers\RegistrasiController.php(16): CodeIgniter\Autoloader\Autoloader->loadClass('App\\Models\\MRegistrasi')
 5 SYSTEMPATH\CodeIgniter.php(933): App\Controllers\RegistrasiController->registrasi()
 6 SYSTEMPATH\CodeIgniter.php(509): CodeIgniter\CodeIgniter->runController(Object(App\Controllers\RegistrasiController))
 7 SYSTEMPATH\CodeIgniter.php(355): CodeIgniter\CodeIgniter->handleRequest(null, Object(Config\Cache), false)
 8 SYSTEMPATH\Boot.php(312): CodeIgniter\CodeIgniter->run()
 9 SYSTEMPATH\Boot.php(67): CodeIgniter\Boot::runCodeIgniter(Object(CodeIgniter\CodeIgniter))
10 FCPATH\index.php(56): CodeIgniter\Boot::bootWeb(Object(Config\Paths))
11 SYSTEMPATH\Commands\Server\rewrite.php(49): require_once('E:\\Khusus ngoding\\Mobile Programming\\toko_api\\public\\index.php')
CRITICAL - 2024-05-03 13:28:16 --> Error: Class "Codelgniter\Model" not found
[Method: POST, Route: registrasi]
in APPPATH\Models\MRegistrasi.php on line 6.
 1 SYSTEMPATH\Autoloader\Autoloader.php(317): include_once()
 2 SYSTEMPATH\Autoloader\Autoloader.php(296): CodeIgniter\Autoloader\Autoloader->includeFile('E:\\Khusus ngoding\\Mobile Programming\\toko_api\\app\\Models\\MRegistrasi.php')
 3 SYSTEMPATH\Autoloader\Autoloader.php(272): CodeIgniter\Autoloader\Autoloader->loadInNamespace('App\\Models\\MRegistrasi')
 4 APPPATH\Controllers\RegistrasiController.php(16): CodeIgniter\Autoloader\Autoloader->loadClass('App\\Models\\MRegistrasi')
 5 SYSTEMPATH\CodeIgniter.php(933): App\Controllers\RegistrasiController->registrasi()
 6 SYSTEMPATH\CodeIgniter.php(509): CodeIgniter\CodeIgniter->runController(Object(App\Controllers\RegistrasiController))
 7 SYSTEMPATH\CodeIgniter.php(355): CodeIgniter\CodeIgniter->handleRequest(null, Object(Config\Cache), false)
 8 SYSTEMPATH\Boot.php(312): CodeIgniter\CodeIgniter->run()
 9 SYSTEMPATH\Boot.php(67): CodeIgniter\Boot::runCodeIgniter(Object(CodeIgniter\CodeIgniter))
10 FCPATH\index.php(56): CodeIgniter\Boot::bootWeb(Object(Config\Paths))
11 SYSTEMPATH\Commands\Server\rewrite.php(49): require_once('E:\\Khusus ngoding\\Mobile Programming\\toko_api\\public\\index.php')
CRITICAL - 2024-05-03 13:28:17 --> Error: Class "Codelgniter\Model" not found
[Method: POST, Route: registrasi]
in APPPATH\Models\MRegistrasi.php on line 6.
 1 SYSTEMPATH\Autoloader\Autoloader.php(317): include_once()
 2 SYSTEMPATH\Autoloader\Autoloader.php(296): CodeIgniter\Autoloader\Autoloader->includeFile('E:\\Khusus ngoding\\Mobile Programming\\toko_api\\app\\Models\\MRegistrasi.php')
 3 SYSTEMPATH\Autoloader\Autoloader.php(272): CodeIgniter\Autoloader\Autoloader->loadInNamespace('App\\Models\\MRegistrasi')
 4 APPPATH\Controllers\RegistrasiController.php(16): CodeIgniter\Autoloader\Autoloader->loadClass('App\\Models\\MRegistrasi')
 5 SYSTEMPATH\CodeIgniter.php(933): App\Controllers\RegistrasiController->registrasi()
 6 SYSTEMPATH\CodeIgniter.php(509): CodeIgniter\CodeIgniter->runController(Object(App\Controllers\RegistrasiController))
 7 SYSTEMPATH\CodeIgniter.php(355): CodeIgniter\CodeIgniter->handleRequest(null, Object(Config\Cache), false)
 8 SYSTEMPATH\Boot.php(312): CodeIgniter\CodeIgniter->run()
 9 SYSTEMPATH\Boot.php(67): CodeIgniter\Boot::runCodeIgniter(Object(CodeIgniter\CodeIgniter))
10 FCPATH\index.php(56): CodeIgniter\Boot::bootWeb(Object(Config\Paths))
11 SYSTEMPATH\Commands\Server\rewrite.php(49): require_once('E:\\Khusus ngoding\\Mobile Programming\\toko_api\\public\\index.php')
CRITICAL - 2024-05-03 13:29:48 --> Error: Class "Codelgniter\Model" not found
[Method: POST, Route: registrasi]
in APPPATH\Models\MRegistrasi.php on line 6.
 1 SYSTEMPATH\Autoloader\Autoloader.php(317): include_once()
 2 SYSTEMPATH\Autoloader\Autoloader.php(296): CodeIgniter\Autoloader\Autoloader->includeFile('E:\\Khusus ngoding\\Mobile Programming\\toko_api\\app\\Models\\MRegistrasi.php')
 3 SYSTEMPATH\Autoloader\Autoloader.php(272): CodeIgniter\Autoloader\Autoloader->loadInNamespace('App\\Models\\MRegistrasi')
 4 APPPATH\Controllers\RegistrasiController.php(16): CodeIgniter\Autoloader\Autoloader->loadClass('App\\Models\\MRegistrasi')
 5 SYSTEMPATH\CodeIgniter.php(933): App\Controllers\RegistrasiController->registrasi()
 6 SYSTEMPATH\CodeIgniter.php(509): CodeIgniter\CodeIgniter->runController(Object(App\Controllers\RegistrasiController))
 7 SYSTEMPATH\CodeIgniter.php(355): CodeIgniter\CodeIgniter->handleRequest(null, Object(Config\Cache), false)
 8 SYSTEMPATH\Boot.php(312): CodeIgniter\CodeIgniter->run()
 9 SYSTEMPATH\Boot.php(67): CodeIgniter\Boot::runCodeIgniter(Object(CodeIgniter\CodeIgniter))
10 FCPATH\index.php(56): CodeIgniter\Boot::bootWeb(Object(Config\Paths))
11 SYSTEMPATH\Commands\Server\rewrite.php(49): require_once('E:\\Khusus ngoding\\Mobile Programming\\toko_api\\public\\index.php')
CRITICAL - 2024-05-03 13:30:58 --> Error: Class "Codelgniter\Model" not found
[Method: POST, Route: registrasi]
in APPPATH\Models\MRegistrasi.php on line 6.
 1 SYSTEMPATH\Autoloader\Autoloader.php(317): include_once()
 2 SYSTEMPATH\Autoloader\Autoloader.php(296): CodeIgniter\Autoloader\Autoloader->includeFile('E:\\Khusus ngoding\\Mobile Programming\\toko_api\\app\\Models\\MRegistrasi.php')
 3 SYSTEMPATH\Autoloader\Autoloader.php(272): CodeIgniter\Autoloader\Autoloader->loadInNamespace('App\\Models\\MRegistrasi')
 4 APPPATH\Controllers\RegistrasiController.php(16): CodeIgniter\Autoloader\Autoloader->loadClass('App\\Models\\MRegistrasi')
 5 SYSTEMPATH\CodeIgniter.php(933): App\Controllers\RegistrasiController->registrasi()
 6 SYSTEMPATH\CodeIgniter.php(509): CodeIgniter\CodeIgniter->runController(Object(App\Controllers\RegistrasiController))
 7 SYSTEMPATH\CodeIgniter.php(355): CodeIgniter\CodeIgniter->handleRequest(null, Object(Config\Cache), false)
 8 SYSTEMPATH\Boot.php(312): CodeIgniter\CodeIgniter->run()
 9 SYSTEMPATH\Boot.php(67): CodeIgniter\Boot::runCodeIgniter(Object(CodeIgniter\CodeIgniter))
10 FCPATH\index.php(56): CodeIgniter\Boot::bootWeb(Object(Config\Paths))
11 SYSTEMPATH\Commands\Server\rewrite.php(49): require_once('E:\\Khusus ngoding\\Mobile Programming\\toko_api\\public\\index.php')
CRITICAL - 2024-05-03 13:32:25 --> Error: Class "Codelgniter\Model" not found
[Method: POST, Route: registrasi]
in APPPATH\Models\MRegistrasi.php on line 6.
 1 SYSTEMPATH\Autoloader\Autoloader.php(317): include_once()
 2 SYSTEMPATH\Autoloader\Autoloader.php(296): CodeIgniter\Autoloader\Autoloader->includeFile('E:\\Khusus ngoding\\Mobile Programming\\toko_api\\app\\Models\\MRegistrasi.php')
 3 SYSTEMPATH\Autoloader\Autoloader.php(272): CodeIgniter\Autoloader\Autoloader->loadInNamespace('App\\Models\\MRegistrasi')
 4 APPPATH\Controllers\RegistrasiController.php(16): CodeIgniter\Autoloader\Autoloader->loadClass('App\\Models\\MRegistrasi')
 5 SYSTEMPATH\CodeIgniter.php(933): App\Controllers\RegistrasiController->registrasi()
 6 SYSTEMPATH\CodeIgniter.php(509): CodeIgniter\CodeIgniter->runController(Object(App\Controllers\RegistrasiController))
 7 SYSTEMPATH\CodeIgniter.php(355): CodeIgniter\CodeIgniter->handleRequest(null, Object(Config\Cache), false)
 8 SYSTEMPATH\Boot.php(312): CodeIgniter\CodeIgniter->run()
 9 SYSTEMPATH\Boot.php(67): CodeIgniter\Boot::runCodeIgniter(Object(CodeIgniter\CodeIgniter))
10 FCPATH\index.php(56): CodeIgniter\Boot::bootWeb(Object(Config\Paths))
11 SYSTEMPATH\Commands\Server\rewrite.php(49): require_once('E:\\Khusus ngoding\\Mobile Programming\\toko_api\\public\\index.php')
