ERROR - 2024-06-13 14:16:39 --> Error connecting to the database: mysqli_sql_exception: Access denied for user 'phpmyadmin'@'localhost' (using password: YES) in A:\Ngoding\ciFlutter_be\system\Database\MySQLi\Connection.php:186
Stack trace:
#0 A:\Ngoding\ciFlutter_be\system\Database\MySQLi\Connection.php(186): mysqli->real_connect('localhost', 'phpmyadmin', Object(SensitiveParameterValue), 'toko_api', 3306, '', 0)
#1 A:\Ngoding\ciFlutter_be\system\Database\BaseConnection.php(421): CodeIgniter\Database\MySQLi\Connection->connect(false)
#2 A:\Ngoding\ciFlutter_be\system\Database\BaseConnection.php(604): CodeIgniter\Database\BaseConnection->initialize()
#3 A:\Ngoding\ciFlutter_be\system\Database\BaseBuilder.php(1629): CodeIgniter\Database\BaseConnection->query('SELECT *\nFROM `...', Array, false)
#4 A:\Ngoding\ciFlutter_be\system\Model.php(319): CodeIgniter\Database\BaseBuilder->get()
#5 A:\Ngoding\ciFlutter_be\system\BaseModel.php(714): CodeIgniter\Model->doFirst()
#6 A:\Ngoding\ciFlutter_be\app\Controllers\LoginController.php(17): CodeIgniter\BaseModel->first()
#7 A:\Ngoding\ciFlutter_be\system\CodeIgniter.php(933): App\Controllers\LoginController->login()
#8 A:\Ngoding\ciFlutter_be\system\CodeIgniter.php(509): CodeIgniter\CodeIgniter->runController(Object(App\Controllers\LoginController))
#9 A:\Ngoding\ciFlutter_be\system\CodeIgniter.php(355): CodeIgniter\CodeIgniter->handleRequest(NULL, Object(Config\Cache), false)
#10 A:\Ngoding\ciFlutter_be\system\Boot.php(312): CodeIgniter\CodeIgniter->run()
#11 A:\Ngoding\ciFlutter_be\system\Boot.php(67): CodeIgniter\Boot::runCodeIgniter(Object(CodeIgniter\CodeIgniter))
#12 A:\Ngoding\ciFlutter_be\public\index.php(56): CodeIgniter\Boot::bootWeb(Object(Config\Paths))
#13 A:\Ngoding\ciFlutter_be\system\Commands\Server\rewrite.php(49): require_once('A:\\Ngoding\\ciFl...')
#14 {main}

Next CodeIgniter\Database\Exceptions\DatabaseException: Access denied for user '****'@'localhost' (using password: YES) in A:\Ngoding\ciFlutter_be\system\Database\MySQLi\Connection.php:231
Stack trace:
#0 A:\Ngoding\ciFlutter_be\system\Database\BaseConnection.php(421): CodeIgniter\Database\MySQLi\Connection->connect(false)
#1 A:\Ngoding\ciFlutter_be\system\Database\BaseConnection.php(604): CodeIgniter\Database\BaseConnection->initialize()
#2 A:\Ngoding\ciFlutter_be\system\Database\BaseBuilder.php(1629): CodeIgniter\Database\BaseConnection->query('SELECT *\nFROM `...', Array, false)
#3 A:\Ngoding\ciFlutter_be\system\Model.php(319): CodeIgniter\Database\BaseBuilder->get()
#4 A:\Ngoding\ciFlutter_be\system\BaseModel.php(714): CodeIgniter\Model->doFirst()
#5 A:\Ngoding\ciFlutter_be\app\Controllers\LoginController.php(17): CodeIgniter\BaseModel->first()
#6 A:\Ngoding\ciFlutter_be\system\CodeIgniter.php(933): App\Controllers\LoginController->login()
#7 A:\Ngoding\ciFlutter_be\system\CodeIgniter.php(509): CodeIgniter\CodeIgniter->runController(Object(App\Controllers\LoginController))
#8 A:\Ngoding\ciFlutter_be\system\CodeIgniter.php(355): CodeIgniter\CodeIgniter->handleRequest(NULL, Object(Config\Cache), false)
#9 A:\Ngoding\ciFlutter_be\system\Boot.php(312): CodeIgniter\CodeIgniter->run()
#10 A:\Ngoding\ciFlutter_be\system\Boot.php(67): CodeIgniter\Boot::runCodeIgniter(Object(CodeIgniter\CodeIgniter))
#11 A:\Ngoding\ciFlutter_be\public\index.php(56): CodeIgniter\Boot::bootWeb(Object(Config\Paths))
#12 A:\Ngoding\ciFlutter_be\system\Commands\Server\rewrite.php(49): require_once('A:\\Ngoding\\ciFl...')
#13 {main}
CRITICAL - 2024-06-13 14:16:39 --> CodeIgniter\Database\Exceptions\DatabaseException: Unable to connect to the database.
Main connection [MySQLi]: Access denied for user '****'@'localhost' (using password: YES)
[Method: POST, Route: login]
in SYSTEMPATH\Database\BaseConnection.php on line 457.
 1 SYSTEMPATH\Database\BaseConnection.php(604): CodeIgniter\Database\BaseConnection->initialize()
 2 SYSTEMPATH\Database\BaseBuilder.php(1629): CodeIgniter\Database\BaseConnection->query('SELECT *
FROM `member`
WHERE `email` = :email:
 LIMIT 1', [...], false)
 3 SYSTEMPATH\Model.php(319): CodeIgniter\Database\BaseBuilder->get()
 4 SYSTEMPATH\BaseModel.php(714): CodeIgniter\Model->doFirst()
 5 APPPATH\Controllers\LoginController.php(17): CodeIgniter\BaseModel->first()
 6 SYSTEMPATH\CodeIgniter.php(933): App\Controllers\LoginController->login()
 7 SYSTEMPATH\CodeIgniter.php(509): CodeIgniter\CodeIgniter->runController(Object(App\Controllers\LoginController))
 8 SYSTEMPATH\CodeIgniter.php(355): CodeIgniter\CodeIgniter->handleRequest(null, Object(Config\Cache), false)
 9 SYSTEMPATH\Boot.php(312): CodeIgniter\CodeIgniter->run()
10 SYSTEMPATH\Boot.php(67): CodeIgniter\Boot::runCodeIgniter(Object(CodeIgniter\CodeIgniter))
11 FCPATH\index.php(56): CodeIgniter\Boot::bootWeb(Object(Config\Paths))
12 SYSTEMPATH\Commands\Server\rewrite.php(49): require_once('A:\\Ngoding\\ciFlutter_be\\public\\index.php')
