CRITICAL - 2024-05-17 01:56:01 --> Error: Class "Locale" not found
[Method: GET, Route: /]
in SYSTEMPATH/CodeIgniter.php on line 190.
 1 SYSTEMPATH/Boot.php(299): CodeIgniter\CodeIgniter->initialize()
 2 SYSTEMPATH/Boot.php(101): CodeIgniter\Boot::initializeCodeIgniter()
 3 ROOTPATH/spark(84): CodeIgniter\Boot::bootSpark()
CRITICAL - 2024-05-17 01:56:01 --> ErrorException: Uncaught Error: Class "Locale" not found in /home/arique/Coding/flutter-coding/toko_api/system/I18n/TimeTrait.php:76
Stack trace:
#0 /home/arique/Coding/flutter-coding/toko_api/system/I18n/TimeTrait.php(117): CodeIgniter\I18n\Time->__construct()
#1 /home/arique/Coding/flutter-coding/toko_api/system/HTTP/ResponseTrait.php(395): CodeIgniter\I18n\Time::now()
#2 /home/arique/Coding/flutter-coding/toko_api/system/HTTP/ResponseTrait.php(373): CodeIgniter\HTTP\Response->sendHeaders()
#3 /home/arique/Coding/flutter-coding/toko_api/system/Debug/ExceptionHandler.php(83): CodeIgniter\HTTP\Response->send()
#4 /home/arique/Coding/flutter-coding/toko_api/system/Debug/Exceptions.php(163): CodeIgniter\Debug\ExceptionHandler->handle()
#5 [internal function]: CodeIgniter\Debug\Exceptions->exceptionHandler()
#6 {main}
  thrown
【Previous Exception】
Error
Class "Locale" not found
#0 /home/arique/Coding/flutter-coding/toko_api/system/Boot.php(299): CodeIgniter\CodeIgniter->initialize()
#1 /home/arique/Coding/flutter-coding/toko_api/system/Boot.php(101): CodeIgniter\Boot::initializeCodeIgniter()
#2 /home/arique/Coding/flutter-coding/toko_api/spark(84): CodeIgniter\Boot::bootSpark()
#3 {main}
[Method: GET, Route: /]
in SYSTEMPATH/I18n/TimeTrait.php on line 76.
 1 [internal function]: CodeIgniter\Debug\Exceptions->shutdownHandler()
WARNING - 2024-05-17 02:29:19 --> [DEPRECATED] password_hash(): Passing null to parameter #1 ($password) of type string is deprecated in APPPATH/Controllers/RegistrasiController.php on line 15.
 1 APPPATH/Controllers/RegistrasiController.php(15): password_hash(Object(SensitiveParameterValue), '2y')
 2 SYSTEMPATH/CodeIgniter.php(933): App\Controllers\RegistrasiController->registrasi()
 3 SYSTEMPATH/CodeIgniter.php(509): CodeIgniter\CodeIgniter->runController(Object(App\Controllers\RegistrasiController))
 4 SYSTEMPATH/CodeIgniter.php(355): CodeIgniter\CodeIgniter->handleRequest(null, Object(Config\Cache), false)
 5 SYSTEMPATH/Boot.php(312): CodeIgniter\CodeIgniter->run()
 6 SYSTEMPATH/Boot.php(67): CodeIgniter\Boot::runCodeIgniter(Object(CodeIgniter\CodeIgniter))
 7 FCPATH/index.php(56): CodeIgniter\Boot::bootWeb(Object(Config\Paths))
 8 SYSTEMPATH/Commands/Server/rewrite.php(49): require_once('/home/arique/Coding/flutter-coding/toko_api/public/index.php')
ERROR - 2024-05-17 02:29:19 --> Error connecting to the database: mysqli_sql_exception: Access denied for user 'root'@'localhost' in /home/arique/Coding/flutter-coding/toko_api/system/Database/MySQLi/Connection.php:186
Stack trace:
#0 /home/arique/Coding/flutter-coding/toko_api/system/Database/MySQLi/Connection.php(186): mysqli->real_connect()
#1 /home/arique/Coding/flutter-coding/toko_api/system/Database/BaseConnection.php(421): CodeIgniter\Database\MySQLi\Connection->connect()
#2 /home/arique/Coding/flutter-coding/toko_api/system/Database/BaseConnection.php(604): CodeIgniter\Database\BaseConnection->initialize()
#3 /home/arique/Coding/flutter-coding/toko_api/system/Database/BaseBuilder.php(2325): CodeIgniter\Database\BaseConnection->query()
#4 /home/arique/Coding/flutter-coding/toko_api/system/Model.php(383): CodeIgniter\Database\BaseBuilder->insert()
#5 /home/arique/Coding/flutter-coding/toko_api/system/BaseModel.php(840): CodeIgniter\Model->doInsert()
#6 /home/arique/Coding/flutter-coding/toko_api/system/Model.php(791): CodeIgniter\BaseModel->insert()
#7 /home/arique/Coding/flutter-coding/toko_api/system/BaseModel.php(751): CodeIgniter\Model->insert()
#8 /home/arique/Coding/flutter-coding/toko_api/app/Controllers/RegistrasiController.php(19): CodeIgniter\BaseModel->save()
#9 /home/arique/Coding/flutter-coding/toko_api/system/CodeIgniter.php(933): App\Controllers\RegistrasiController->registrasi()
#10 /home/arique/Coding/flutter-coding/toko_api/system/CodeIgniter.php(509): CodeIgniter\CodeIgniter->runController()
#11 /home/arique/Coding/flutter-coding/toko_api/system/CodeIgniter.php(355): CodeIgniter\CodeIgniter->handleRequest()
#12 /home/arique/Coding/flutter-coding/toko_api/system/Boot.php(312): CodeIgniter\CodeIgniter->run()
#13 /home/arique/Coding/flutter-coding/toko_api/system/Boot.php(67): CodeIgniter\Boot::runCodeIgniter()
#14 /home/arique/Coding/flutter-coding/toko_api/public/index.php(56): CodeIgniter\Boot::bootWeb()
#15 /home/arique/Coding/flutter-coding/toko_api/system/Commands/Server/rewrite.php(49): require_once('...')
#16 {main}

Next CodeIgniter\Database\Exceptions\DatabaseException: Access denied for user '****'@'localhost' in /home/arique/Coding/flutter-coding/toko_api/system/Database/MySQLi/Connection.php:231
Stack trace:
#0 /home/arique/Coding/flutter-coding/toko_api/system/Database/BaseConnection.php(421): CodeIgniter\Database\MySQLi\Connection->connect()
#1 /home/arique/Coding/flutter-coding/toko_api/system/Database/BaseConnection.php(604): CodeIgniter\Database\BaseConnection->initialize()
#2 /home/arique/Coding/flutter-coding/toko_api/system/Database/BaseBuilder.php(2325): CodeIgniter\Database\BaseConnection->query()
#3 /home/arique/Coding/flutter-coding/toko_api/system/Model.php(383): CodeIgniter\Database\BaseBuilder->insert()
#4 /home/arique/Coding/flutter-coding/toko_api/system/BaseModel.php(840): CodeIgniter\Model->doInsert()
#5 /home/arique/Coding/flutter-coding/toko_api/system/Model.php(791): CodeIgniter\BaseModel->insert()
#6 /home/arique/Coding/flutter-coding/toko_api/system/BaseModel.php(751): CodeIgniter\Model->insert()
#7 /home/arique/Coding/flutter-coding/toko_api/app/Controllers/RegistrasiController.php(19): CodeIgniter\BaseModel->save()
#8 /home/arique/Coding/flutter-coding/toko_api/system/CodeIgniter.php(933): App\Controllers\RegistrasiController->registrasi()
#9 /home/arique/Coding/flutter-coding/toko_api/system/CodeIgniter.php(509): CodeIgniter\CodeIgniter->runController()
#10 /home/arique/Coding/flutter-coding/toko_api/system/CodeIgniter.php(355): CodeIgniter\CodeIgniter->handleRequest()
#11 /home/arique/Coding/flutter-coding/toko_api/system/Boot.php(312): CodeIgniter\CodeIgniter->run()
#12 /home/arique/Coding/flutter-coding/toko_api/system/Boot.php(67): CodeIgniter\Boot::runCodeIgniter()
#13 /home/arique/Coding/flutter-coding/toko_api/public/index.php(56): CodeIgniter\Boot::bootWeb()
#14 /home/arique/Coding/flutter-coding/toko_api/system/Commands/Server/rewrite.php(49): require_once('...')
#15 {main}
CRITICAL - 2024-05-17 02:29:19 --> CodeIgniter\Database\Exceptions\DatabaseException: Unable to connect to the database.
Main connection [MySQLi]: Access denied for user '****'@'localhost'
[Method: POST, Route: registrasi]
in SYSTEMPATH/Database/BaseConnection.php on line 457.
 1 SYSTEMPATH/Database/BaseConnection.php(604): CodeIgniter\Database\BaseConnection->initialize()
 2 SYSTEMPATH/Database/BaseBuilder.php(2325): CodeIgniter\Database\BaseConnection->query()
 3 SYSTEMPATH/Model.php(383): CodeIgniter\Database\BaseBuilder->insert()
 4 SYSTEMPATH/BaseModel.php(840): CodeIgniter\Model->doInsert()
 5 SYSTEMPATH/Model.php(791): CodeIgniter\BaseModel->insert()
 6 SYSTEMPATH/BaseModel.php(751): CodeIgniter\Model->insert()
 7 APPPATH/Controllers/RegistrasiController.php(19): CodeIgniter\BaseModel->save()
 8 SYSTEMPATH/CodeIgniter.php(933): App\Controllers\RegistrasiController->registrasi()
 9 SYSTEMPATH/CodeIgniter.php(509): CodeIgniter\CodeIgniter->runController()
10 SYSTEMPATH/CodeIgniter.php(355): CodeIgniter\CodeIgniter->handleRequest()
11 SYSTEMPATH/Boot.php(312): CodeIgniter\CodeIgniter->run()
12 SYSTEMPATH/Boot.php(67): CodeIgniter\Boot::runCodeIgniter()
13 FCPATH/index.php(56): CodeIgniter\Boot::bootWeb()
14 SYSTEMPATH/Commands/Server/rewrite.php(49): require_once('/home/arique/Coding/flutter-coding/toko_api/public/index.php')
WARNING - 2024-05-17 02:52:45 --> [DEPRECATED] password_hash(): Passing null to parameter #1 ($password) of type string is deprecated in APPPATH/Controllers/RegistrasiController.php on line 15.
 1 APPPATH/Controllers/RegistrasiController.php(15): password_hash(Object(SensitiveParameterValue), '2y')
 2 SYSTEMPATH/CodeIgniter.php(933): App\Controllers\RegistrasiController->registrasi()
 3 SYSTEMPATH/CodeIgniter.php(509): CodeIgniter\CodeIgniter->runController(Object(App\Controllers\RegistrasiController))
 4 SYSTEMPATH/CodeIgniter.php(355): CodeIgniter\CodeIgniter->handleRequest(null, Object(Config\Cache), false)
 5 SYSTEMPATH/Boot.php(312): CodeIgniter\CodeIgniter->run()
 6 SYSTEMPATH/Boot.php(67): CodeIgniter\Boot::runCodeIgniter(Object(CodeIgniter\CodeIgniter))
 7 FCPATH/index.php(56): CodeIgniter\Boot::bootWeb(Object(Config\Paths))
 8 SYSTEMPATH/Commands/Server/rewrite.php(49): require_once('/home/arique/Coding/flutter-coding/toko_api/public/index.php')
ERROR - 2024-05-17 02:52:45 --> mysqli_sql_exception: Column 'nama' cannot be null in /home/arique/Coding/flutter-coding/toko_api/system/Database/MySQLi/Connection.php:308
Stack trace:
#0 /home/arique/Coding/flutter-coding/toko_api/system/Database/MySQLi/Connection.php(308): mysqli->query()
#1 /home/arique/Coding/flutter-coding/toko_api/system/Database/BaseConnection.php(722): CodeIgniter\Database\MySQLi\Connection->execute()
#2 /home/arique/Coding/flutter-coding/toko_api/system/Database/BaseConnection.php(636): CodeIgniter\Database\BaseConnection->simpleQuery()
#3 /home/arique/Coding/flutter-coding/toko_api/system/Database/BaseBuilder.php(2325): CodeIgniter\Database\BaseConnection->query()
#4 /home/arique/Coding/flutter-coding/toko_api/system/Model.php(383): CodeIgniter\Database\BaseBuilder->insert()
#5 /home/arique/Coding/flutter-coding/toko_api/system/BaseModel.php(840): CodeIgniter\Model->doInsert()
#6 /home/arique/Coding/flutter-coding/toko_api/system/Model.php(791): CodeIgniter\BaseModel->insert()
#7 /home/arique/Coding/flutter-coding/toko_api/system/BaseModel.php(751): CodeIgniter\Model->insert()
#8 /home/arique/Coding/flutter-coding/toko_api/app/Controllers/RegistrasiController.php(19): CodeIgniter\BaseModel->save()
#9 /home/arique/Coding/flutter-coding/toko_api/system/CodeIgniter.php(933): App\Controllers\RegistrasiController->registrasi()
#10 /home/arique/Coding/flutter-coding/toko_api/system/CodeIgniter.php(509): CodeIgniter\CodeIgniter->runController()
#11 /home/arique/Coding/flutter-coding/toko_api/system/CodeIgniter.php(355): CodeIgniter\CodeIgniter->handleRequest()
#12 /home/arique/Coding/flutter-coding/toko_api/system/Boot.php(312): CodeIgniter\CodeIgniter->run()
#13 /home/arique/Coding/flutter-coding/toko_api/system/Boot.php(67): CodeIgniter\Boot::runCodeIgniter()
#14 /home/arique/Coding/flutter-coding/toko_api/public/index.php(56): CodeIgniter\Boot::bootWeb()
#15 /home/arique/Coding/flutter-coding/toko_api/system/Commands/Server/rewrite.php(49): require_once('...')
#16 {main}
CRITICAL - 2024-05-17 02:52:45 --> CodeIgniter\Database\Exceptions\DatabaseException: Column 'nama' cannot be null
[Method: POST, Route: registrasi]
in SYSTEMPATH/Database/BaseConnection.php on line 676.
 1 SYSTEMPATH/Database/BaseBuilder.php(2325): CodeIgniter\Database\BaseConnection->query()
 2 SYSTEMPATH/Model.php(383): CodeIgniter\Database\BaseBuilder->insert()
 3 SYSTEMPATH/BaseModel.php(840): CodeIgniter\Model->doInsert()
 4 SYSTEMPATH/Model.php(791): CodeIgniter\BaseModel->insert()
 5 SYSTEMPATH/BaseModel.php(751): CodeIgniter\Model->insert()
 6 APPPATH/Controllers/RegistrasiController.php(19): CodeIgniter\BaseModel->save()
 7 SYSTEMPATH/CodeIgniter.php(933): App\Controllers\RegistrasiController->registrasi()
 8 SYSTEMPATH/CodeIgniter.php(509): CodeIgniter\CodeIgniter->runController()
 9 SYSTEMPATH/CodeIgniter.php(355): CodeIgniter\CodeIgniter->handleRequest()
10 SYSTEMPATH/Boot.php(312): CodeIgniter\CodeIgniter->run()
11 SYSTEMPATH/Boot.php(67): CodeIgniter\Boot::runCodeIgniter()
12 FCPATH/index.php(56): CodeIgniter\Boot::bootWeb()
13 SYSTEMPATH/Commands/Server/rewrite.php(49): require_once('/home/arique/Coding/flutter-coding/toko_api/public/index.php')
CRITICAL - 2024-05-17 02:52:45 --> [Caused by] CodeIgniter\Database\Exceptions\DatabaseException: Column 'nama' cannot be null
in SYSTEMPATH/Database/MySQLi/Connection.php on line 313.
 1 SYSTEMPATH/Database/BaseConnection.php(722): CodeIgniter\Database\MySQLi\Connection->execute()
 2 SYSTEMPATH/Database/BaseConnection.php(636): CodeIgniter\Database\BaseConnection->simpleQuery()
 3 SYSTEMPATH/Database/BaseBuilder.php(2325): CodeIgniter\Database\BaseConnection->query()
 4 SYSTEMPATH/Model.php(383): CodeIgniter\Database\BaseBuilder->insert()
 5 SYSTEMPATH/BaseModel.php(840): CodeIgniter\Model->doInsert()
 6 SYSTEMPATH/Model.php(791): CodeIgniter\BaseModel->insert()
 7 SYSTEMPATH/BaseModel.php(751): CodeIgniter\Model->insert()
 8 APPPATH/Controllers/RegistrasiController.php(19): CodeIgniter\BaseModel->save()
 9 SYSTEMPATH/CodeIgniter.php(933): App\Controllers\RegistrasiController->registrasi()
10 SYSTEMPATH/CodeIgniter.php(509): CodeIgniter\CodeIgniter->runController()
11 SYSTEMPATH/CodeIgniter.php(355): CodeIgniter\CodeIgniter->handleRequest()
12 SYSTEMPATH/Boot.php(312): CodeIgniter\CodeIgniter->run()
13 SYSTEMPATH/Boot.php(67): CodeIgniter\Boot::runCodeIgniter()
14 FCPATH/index.php(56): CodeIgniter\Boot::bootWeb()
15 SYSTEMPATH/Commands/Server/rewrite.php(49): require_once('/home/arique/Coding/flutter-coding/toko_api/public/index.php')
CRITICAL - 2024-05-17 02:52:45 --> [Caused by] mysqli_sql_exception: Column 'nama' cannot be null
in SYSTEMPATH/Database/MySQLi/Connection.php on line 308.
 1 SYSTEMPATH/Database/MySQLi/Connection.php(308): mysqli->query()
 2 SYSTEMPATH/Database/BaseConnection.php(722): CodeIgniter\Database\MySQLi\Connection->execute()
 3 SYSTEMPATH/Database/BaseConnection.php(636): CodeIgniter\Database\BaseConnection->simpleQuery()
 4 SYSTEMPATH/Database/BaseBuilder.php(2325): CodeIgniter\Database\BaseConnection->query()
 5 SYSTEMPATH/Model.php(383): CodeIgniter\Database\BaseBuilder->insert()
 6 SYSTEMPATH/BaseModel.php(840): CodeIgniter\Model->doInsert()
 7 SYSTEMPATH/Model.php(791): CodeIgniter\BaseModel->insert()
 8 SYSTEMPATH/BaseModel.php(751): CodeIgniter\Model->insert()
 9 APPPATH/Controllers/RegistrasiController.php(19): CodeIgniter\BaseModel->save()
10 SYSTEMPATH/CodeIgniter.php(933): App\Controllers\RegistrasiController->registrasi()
11 SYSTEMPATH/CodeIgniter.php(509): CodeIgniter\CodeIgniter->runController()
12 SYSTEMPATH/CodeIgniter.php(355): CodeIgniter\CodeIgniter->handleRequest()
13 SYSTEMPATH/Boot.php(312): CodeIgniter\CodeIgniter->run()
14 SYSTEMPATH/Boot.php(67): CodeIgniter\Boot::runCodeIgniter()
15 FCPATH/index.php(56): CodeIgniter\Boot::bootWeb()
16 SYSTEMPATH/Commands/Server/rewrite.php(49): require_once('/home/arique/Coding/flutter-coding/toko_api/public/index.php')
WARNING - 2024-05-17 02:54:56 --> [DEPRECATED] password_hash(): Passing null to parameter #1 ($password) of type string is deprecated in APPPATH/Controllers/RegistrasiController.php on line 15.
 1 APPPATH/Controllers/RegistrasiController.php(15): password_hash(Object(SensitiveParameterValue), '2y')
 2 SYSTEMPATH/CodeIgniter.php(933): App\Controllers\RegistrasiController->registrasi()
 3 SYSTEMPATH/CodeIgniter.php(509): CodeIgniter\CodeIgniter->runController(Object(App\Controllers\RegistrasiController))
 4 SYSTEMPATH/CodeIgniter.php(355): CodeIgniter\CodeIgniter->handleRequest(null, Object(Config\Cache), false)
 5 SYSTEMPATH/Boot.php(312): CodeIgniter\CodeIgniter->run()
 6 SYSTEMPATH/Boot.php(67): CodeIgniter\Boot::runCodeIgniter(Object(CodeIgniter\CodeIgniter))
 7 FCPATH/index.php(56): CodeIgniter\Boot::bootWeb(Object(Config\Paths))
 8 SYSTEMPATH/Commands/Server/rewrite.php(49): require_once('/home/arique/Coding/flutter-coding/toko_api/public/index.php')
ERROR - 2024-05-17 02:54:56 --> mysqli_sql_exception: Column 'nama' cannot be null in /home/arique/Coding/flutter-coding/toko_api/system/Database/MySQLi/Connection.php:308
Stack trace:
#0 /home/arique/Coding/flutter-coding/toko_api/system/Database/MySQLi/Connection.php(308): mysqli->query()
#1 /home/arique/Coding/flutter-coding/toko_api/system/Database/BaseConnection.php(722): CodeIgniter\Database\MySQLi\Connection->execute()
#2 /home/arique/Coding/flutter-coding/toko_api/system/Database/BaseConnection.php(636): CodeIgniter\Database\BaseConnection->simpleQuery()
#3 /home/arique/Coding/flutter-coding/toko_api/system/Database/BaseBuilder.php(2325): CodeIgniter\Database\BaseConnection->query()
#4 /home/arique/Coding/flutter-coding/toko_api/system/Model.php(383): CodeIgniter\Database\BaseBuilder->insert()
#5 /home/arique/Coding/flutter-coding/toko_api/system/BaseModel.php(840): CodeIgniter\Model->doInsert()
#6 /home/arique/Coding/flutter-coding/toko_api/system/Model.php(791): CodeIgniter\BaseModel->insert()
#7 /home/arique/Coding/flutter-coding/toko_api/system/BaseModel.php(751): CodeIgniter\Model->insert()
#8 /home/arique/Coding/flutter-coding/toko_api/app/Controllers/RegistrasiController.php(19): CodeIgniter\BaseModel->save()
#9 /home/arique/Coding/flutter-coding/toko_api/system/CodeIgniter.php(933): App\Controllers\RegistrasiController->registrasi()
#10 /home/arique/Coding/flutter-coding/toko_api/system/CodeIgniter.php(509): CodeIgniter\CodeIgniter->runController()
#11 /home/arique/Coding/flutter-coding/toko_api/system/CodeIgniter.php(355): CodeIgniter\CodeIgniter->handleRequest()
#12 /home/arique/Coding/flutter-coding/toko_api/system/Boot.php(312): CodeIgniter\CodeIgniter->run()
#13 /home/arique/Coding/flutter-coding/toko_api/system/Boot.php(67): CodeIgniter\Boot::runCodeIgniter()
#14 /home/arique/Coding/flutter-coding/toko_api/public/index.php(56): CodeIgniter\Boot::bootWeb()
#15 /home/arique/Coding/flutter-coding/toko_api/system/Commands/Server/rewrite.php(49): require_once('...')
#16 {main}
CRITICAL - 2024-05-17 02:54:56 --> CodeIgniter\Database\Exceptions\DatabaseException: Column 'nama' cannot be null
[Method: POST, Route: registrasi]
in SYSTEMPATH/Database/BaseConnection.php on line 676.
 1 SYSTEMPATH/Database/BaseBuilder.php(2325): CodeIgniter\Database\BaseConnection->query()
 2 SYSTEMPATH/Model.php(383): CodeIgniter\Database\BaseBuilder->insert()
 3 SYSTEMPATH/BaseModel.php(840): CodeIgniter\Model->doInsert()
 4 SYSTEMPATH/Model.php(791): CodeIgniter\BaseModel->insert()
 5 SYSTEMPATH/BaseModel.php(751): CodeIgniter\Model->insert()
 6 APPPATH/Controllers/RegistrasiController.php(19): CodeIgniter\BaseModel->save()
 7 SYSTEMPATH/CodeIgniter.php(933): App\Controllers\RegistrasiController->registrasi()
 8 SYSTEMPATH/CodeIgniter.php(509): CodeIgniter\CodeIgniter->runController()
 9 SYSTEMPATH/CodeIgniter.php(355): CodeIgniter\CodeIgniter->handleRequest()
10 SYSTEMPATH/Boot.php(312): CodeIgniter\CodeIgniter->run()
11 SYSTEMPATH/Boot.php(67): CodeIgniter\Boot::runCodeIgniter()
12 FCPATH/index.php(56): CodeIgniter\Boot::bootWeb()
13 SYSTEMPATH/Commands/Server/rewrite.php(49): require_once('/home/arique/Coding/flutter-coding/toko_api/public/index.php')
CRITICAL - 2024-05-17 02:54:56 --> [Caused by] CodeIgniter\Database\Exceptions\DatabaseException: Column 'nama' cannot be null
in SYSTEMPATH/Database/MySQLi/Connection.php on line 313.
 1 SYSTEMPATH/Database/BaseConnection.php(722): CodeIgniter\Database\MySQLi\Connection->execute()
 2 SYSTEMPATH/Database/BaseConnection.php(636): CodeIgniter\Database\BaseConnection->simpleQuery()
 3 SYSTEMPATH/Database/BaseBuilder.php(2325): CodeIgniter\Database\BaseConnection->query()
 4 SYSTEMPATH/Model.php(383): CodeIgniter\Database\BaseBuilder->insert()
 5 SYSTEMPATH/BaseModel.php(840): CodeIgniter\Model->doInsert()
 6 SYSTEMPATH/Model.php(791): CodeIgniter\BaseModel->insert()
 7 SYSTEMPATH/BaseModel.php(751): CodeIgniter\Model->insert()
 8 APPPATH/Controllers/RegistrasiController.php(19): CodeIgniter\BaseModel->save()
 9 SYSTEMPATH/CodeIgniter.php(933): App\Controllers\RegistrasiController->registrasi()
10 SYSTEMPATH/CodeIgniter.php(509): CodeIgniter\CodeIgniter->runController()
11 SYSTEMPATH/CodeIgniter.php(355): CodeIgniter\CodeIgniter->handleRequest()
12 SYSTEMPATH/Boot.php(312): CodeIgniter\CodeIgniter->run()
13 SYSTEMPATH/Boot.php(67): CodeIgniter\Boot::runCodeIgniter()
14 FCPATH/index.php(56): CodeIgniter\Boot::bootWeb()
15 SYSTEMPATH/Commands/Server/rewrite.php(49): require_once('/home/arique/Coding/flutter-coding/toko_api/public/index.php')
CRITICAL - 2024-05-17 02:54:56 --> [Caused by] mysqli_sql_exception: Column 'nama' cannot be null
in SYSTEMPATH/Database/MySQLi/Connection.php on line 308.
 1 SYSTEMPATH/Database/MySQLi/Connection.php(308): mysqli->query()
 2 SYSTEMPATH/Database/BaseConnection.php(722): CodeIgniter\Database\MySQLi\Connection->execute()
 3 SYSTEMPATH/Database/BaseConnection.php(636): CodeIgniter\Database\BaseConnection->simpleQuery()
 4 SYSTEMPATH/Database/BaseBuilder.php(2325): CodeIgniter\Database\BaseConnection->query()
 5 SYSTEMPATH/Model.php(383): CodeIgniter\Database\BaseBuilder->insert()
 6 SYSTEMPATH/BaseModel.php(840): CodeIgniter\Model->doInsert()
 7 SYSTEMPATH/Model.php(791): CodeIgniter\BaseModel->insert()
 8 SYSTEMPATH/BaseModel.php(751): CodeIgniter\Model->insert()
 9 APPPATH/Controllers/RegistrasiController.php(19): CodeIgniter\BaseModel->save()
10 SYSTEMPATH/CodeIgniter.php(933): App\Controllers\RegistrasiController->registrasi()
11 SYSTEMPATH/CodeIgniter.php(509): CodeIgniter\CodeIgniter->runController()
12 SYSTEMPATH/CodeIgniter.php(355): CodeIgniter\CodeIgniter->handleRequest()
13 SYSTEMPATH/Boot.php(312): CodeIgniter\CodeIgniter->run()
14 SYSTEMPATH/Boot.php(67): CodeIgniter\Boot::runCodeIgniter()
15 FCPATH/index.php(56): CodeIgniter\Boot::bootWeb()
16 SYSTEMPATH/Commands/Server/rewrite.php(49): require_once('/home/arique/Coding/flutter-coding/toko_api/public/index.php')
